[    0.000000] Linux version 4.8.0-53-generic (buildd@lgw01-51) (gcc version 6.2.0 20161005 (Ubuntu 6.2.0-5ubuntu12) ) #56-Ubuntu SMP Tue May 16 00:23:44 UTC 2017 (Ubuntu 4.8.0-53.56-generic 4.8.17)
[    0.000000] Command line: BOOT_IMAGE=/boot/vmlinuz-4.8.0-53-generic root=LABEL=cloudimg-rootfs ro console=tty1 console=ttyS0
[    0.000000] KERNEL supported cpus:
[    0.000000]   Intel GenuineIntel
[    0.000000]   AMD AuthenticAMD
[    0.000000]   Centaur CentaurHauls
[    0.000000] x86/fpu: Supporting XSAVE feature 0x001: 'x87 floating point registers'
[    0.000000] x86/fpu: Supporting XSAVE feature 0x002: 'SSE registers'
[    0.000000] x86/fpu: Supporting XSAVE feature 0x004: 'AVX registers'
[    0.000000] x86/fpu: xstate_offset[2]:  576, xstate_sizes[2]:  256
[    0.000000] x86/fpu: Enabled xstate features 0x7, context size is 832 bytes, using 'standard' format.
[    0.000000] x86/fpu: Using 'eager' FPU context switches.
[    0.000000] e820: BIOS-provided physical RAM map:
[    0.000000] BIOS-e820: [mem 0x0000000000000000-0x000000000009fbff] usable
[    0.000000] BIOS-e820: [mem 0x000000000009fc00-0x000000000009ffff] reserved
[    0.000000] BIOS-e820: [mem 0x00000000000f0000-0x00000000000fffff] reserved
[    0.000000] BIOS-e820: [mem 0x0000000000100000-0x000000003ffeffff] usable
[    0.000000] BIOS-e820: [mem 0x000000003fff0000-0x000000003fffffff] ACPI data
[    0.000000] BIOS-e820: [mem 0x00000000fec00000-0x00000000fec00fff] reserved
[    0.000000] BIOS-e820: [mem 0x00000000fee00000-0x00000000fee00fff] reserved
[    0.000000] BIOS-e820: [mem 0x00000000fffc0000-0x00000000ffffffff] reserved
[    0.000000] NX (Execute Disable) protection: active
[    0.000000] SMBIOS 2.5 present.
[    0.000000] Hypervisor detected: KVM
[    0.000000] e820: last_pfn = 0x3fff0 max_arch_pfn = 0x400000000
[    0.000000] MTRR: Disabled
[    0.000000] x86/PAT: MTRRs disabled, skipping PAT initialization too.
[    0.000000] x86/PAT: Configuration [0-7]: WB  WT  UC- UC  WB  WT  UC- UC  
[    0.000000] CPU MTRRs all blank - virtualized system.
[    0.000000] found SMP MP-table at [mem 0x0009fff0-0x0009ffff] mapped at [ffff96a1c009fff0]
[    0.000000] Scanning 1 areas for low memory corruption
[    0.000000] RAMDISK: [mem 0x3697c000-0x374b5fff]
[    0.000000] ACPI: Early table checksum verification disabled
[    0.000000] ACPI: RSDP 0x00000000000E0000 000024 (v02 VBOX  )
[    0.000000] ACPI: XSDT 0x000000003FFF0030 00003C (v01 VBOX   VBOXXSDT 00000001 ASL  00000061)
[    0.000000] ACPI: FACP 0x000000003FFF00F0 0000F4 (v04 VBOX   VBOXFACP 00000001 ASL  00000061)
[    0.000000] ACPI: DSDT 0x000000003FFF0470 0021C8 (v02 VBOX   VBOXBIOS 00000002 INTL 20100528)
[    0.000000] ACPI: FACS 0x000000003FFF0200 000040
[    0.000000] ACPI: FACS 0x000000003FFF0200 000040
[    0.000000] ACPI: APIC 0x000000003FFF0240 000054 (v02 VBOX   VBOXAPIC 00000001 ASL  00000061)
[    0.000000] ACPI: SSDT 0x000000003FFF02A0 0001CC (v01 VBOX   VBOXCPUT 00000002 INTL 20100528)
[    0.000000] No NUMA configuration found
[    0.000000] Faking a node at [mem 0x0000000000000000-0x000000003ffeffff]
[    0.000000] NODE_DATA(0) allocated [mem 0x3ffeb000-0x3ffeffff]
[    0.000000] kvm-clock: Using msrs 4b564d01 and 4b564d00
[    0.000000] kvm-clock: cpu 0, msr 0:3ffe3001, primary cpu clock
[    0.000000] kvm-clock: using sched offset of 4751075926 cycles
[    0.000000] clocksource: kvm-clock: mask: 0xffffffffffffffff max_cycles: 0x1cd42e4dffb, max_idle_ns: 881590591483 ns
[    0.000000] Zone ranges:
[    0.000000]   DMA      [mem 0x0000000000001000-0x0000000000ffffff]
[    0.000000]   DMA32    [mem 0x0000000001000000-0x000000003ffeffff]
[    0.000000]   Normal   empty
[    0.000000]   Device   empty
[    0.000000] Movable zone start for each node
[    0.000000] Early memory node ranges
[    0.000000]   node   0: [mem 0x0000000000001000-0x000000000009efff]
[    0.000000]   node   0: [mem 0x0000000000100000-0x000000003ffeffff]
[    0.000000] Initmem setup node 0 [mem 0x0000000000001000-0x000000003ffeffff]
[    0.000000] ACPI: PM-Timer IO Port: 0x4008
[    0.000000] IOAPIC[0]: apic_id 1, version 32, address 0xfec00000, GSI 0-23
[    0.000000] ACPI: INT_SRC_OVR (bus 0 bus_irq 0 global_irq 2 dfl dfl)
[    0.000000] ACPI: INT_SRC_OVR (bus 0 bus_irq 9 global_irq 9 high level)
[    0.000000] Using ACPI (MADT) for SMP configuration information
[    0.000000] smpboot: Allowing 1 CPUs, 0 hotplug CPUs
[    0.000000] PM: Registered nosave memory: [mem 0x00000000-0x00000fff]
[    0.000000] PM: Registered nosave memory: [mem 0x0009f000-0x0009ffff]
[    0.000000] PM: Registered nosave memory: [mem 0x000a0000-0x000effff]
[    0.000000] PM: Registered nosave memory: [mem 0x000f0000-0x000fffff]
[    0.000000] e820: [mem 0x40000000-0xfebfffff] available for PCI devices
[    0.000000] Booting paravirtualized kernel on KVM
[    0.000000] clocksource: refined-jiffies: mask: 0xffffffff max_cycles: 0xffffffff, max_idle_ns: 7645519600211568 ns
[    0.000000] setup_percpu: NR_CPUS:512 nr_cpumask_bits:512 nr_cpu_ids:1 nr_node_ids:1
[    0.000000] percpu: Embedded 36 pages/cpu @ffff96a1ffc00000 s107864 r8192 d31400 u2097152
[    0.000000] PV qspinlock hash table entries: 256 (order: 0, 4096 bytes)
[    0.000000] Built 1 zonelists in Node order, mobility grouping on.  Total pages: 257913
[    0.000000] Policy zone: DMA32
[    0.000000] Kernel command line: BOOT_IMAGE=/boot/vmlinuz-4.8.0-53-generic root=LABEL=cloudimg-rootfs ro console=tty1 console=ttyS0
[    0.000000] PID hash table entries: 4096 (order: 3, 32768 bytes)
[    0.000000] Memory: 1000984K/1048120K available (8848K kernel code, 1441K rwdata, 3828K rodata, 1552K init, 1296K bss, 47136K reserved, 0K cma-reserved)
[    0.000000] SLUB: HWalign=64, Order=0-3, MinObjects=0, CPUs=1, Nodes=1
[    0.000000] Hierarchical RCU implementation.
[    0.000000] 	Build-time adjustment of leaf fanout to 64.
[    0.000000] 	RCU restricting CPUs from NR_CPUS=512 to nr_cpu_ids=1.
[    0.000000] RCU: Adjusting geometry for rcu_fanout_leaf=64, nr_cpu_ids=1
[    0.000000] NR_IRQS:33024 nr_irqs:256 16
[    0.000000] Console: colour VGA+ 80x25
[    0.000000] console [tty1] enabled
[    0.000000] console [ttyS0] enabled
[    0.000000] tsc: Detected 1795.924 MHz processor
[    0.404982] Calibrating delay loop (skipped) preset value.. 3591.84 BogoMIPS (lpj=7183696)
[    0.408965] pid_max: default: 32768 minimum: 301
[    0.411552] ACPI: Core revision 20160422
[    0.419312] ACPI: 2 ACPI AML tables successfully acquired and loaded
[    0.424874] 
[    0.427058] Security Framework initialized
[    0.428945] Yama: becoming mindful.
[    0.433534] AppArmor: AppArmor initialized
[    0.436027] Dentry cache hash table entries: 131072 (order: 8, 1048576 bytes)
[    0.439915] Inode-cache hash table entries: 65536 (order: 7, 524288 bytes)
[    0.446745] Mount-cache hash table entries: 2048 (order: 2, 16384 bytes)
[    0.451199] Mountpoint-cache hash table entries: 2048 (order: 2, 16384 bytes)
[    0.454403] CPU: Physical Processor ID: 0
[    0.458681] mce: CPU supports 0 MCE banks
[    0.460687] process: using mwait in idle threads
[    0.462567] Last level iTLB entries: 4KB 512, 2MB 8, 4MB 8
[    0.464881] Last level dTLB entries: 4KB 512, 2MB 32, 4MB 32, 1GB 0
[    0.517136] Freeing SMP alternatives memory: 32K (ffffffff980ee000 - ffffffff980f6000)
[    0.540195] ftrace: allocating 33429 entries in 131 pages
[    0.646943] smpboot: APIC(0) Converting physical 0 to logical package 0
[    0.663532] smpboot: Max logical packages: 1
[    0.672563] x2apic enabled
[    0.692175] Switched APIC routing to physical x2apic.
[    0.703258] ..TIMER: vector=0x30 apic1=0 pin1=2 apic2=-1 pin2=-1
[    0.815548] mpboot: CPU0: Intel(R) Core(TM) i3-3217U CPU @ 1.80GHz (family: 0x6, model: 0x3a, stepping: 0x9)
[    0.862503] Performance Events: unsupported p6 CPU model 58 no PMU driver, software events only.
[    0.866611] KVM setup paravirtual spinlock
[    0.869439] x86: Booted up 1 node, 1 CPUs
[    0.873347] smpboot: Total of 1 processors activated (3591.84 BogoMIPS)
[    0.878503] devtmpfs: initialized
[    0.887380] x86/mm: Memory block size: 128MB
[    0.895791] evm: security.selinux
[    0.898524] evm: security.SMACK64
[    0.900041] evm: security.SMACK64EXEC
[    0.901588] evm: security.SMACK64TRANSMUTE
[    0.903369] evm: security.SMACK64MMAP
[    0.916493] evm: security.ima
[    0.917864] evm: security.capability
[    0.919647] clocksource: jiffies: mask: 0xffffffff max_cycles: 0xffffffff, max_idle_ns: 7645041785100000 ns
[    0.937979] pinctrl core: initialized pinctrl subsystem
[    0.941492] RTC time:  1:19:20, date: 06/14/17
[    0.945543] NET: Registered protocol family 16
[    0.952094] cpuidle: using governor ladder
[    0.956689] cpuidle: using governor menu
[    0.958901] PCCT header not found.
[    0.961089] ACPI: bus type PCI registered
[    0.963018] acpiphp: ACPI Hot Plug PCI Controller Driver version: 0.5
[    0.969639] PCI: Using configuration type 1 for base access
[    0.976498] HugeTLB registered 2 MB page size, pre-allocated 0 pages
[    0.982948] ACPI: Added _OSI(Module Device)
[    0.984886] ACPI: Added _OSI(Processor Device)
[    0.989107] ACPI: Added _OSI(3.0 _SCP Extensions)
[    0.991632] ACPI: Added _OSI(Processor Aggregator Device)
[    0.994784] ACPI: Executed 1 blocks of module-level executable AML code
[    1.001390] ACPI: Interpreter enabled
[    1.004528] ACPI: (supports S0 S5)
[    1.006295] ACPI: Using IOAPIC for interrupt routing
[    1.009933] PCI: Using host bridge windows from ACPI; if necessary, use "pci=nocrs" and report a bug
[    1.021349] ACPI: PCI Root Bridge [PCI0] (domain 0000 [bus 00-ff])
[    1.026087] acpi PNP0A03:00: _OSC: OS supports [ASPM ClockPM Segments MSI]
[    1.028753] acpi PNP0A03:00: _OSC failed (AE_NOT_FOUND); disabling ASPM
[    1.031241] acpi PNP0A03:00: fail to add MMCONFIG information, can't access extended PCI configuration space under this bridge.
[    1.038523] PCI host bridge to bus 0000:00
[    1.043366] pci_bus 0000:00: root bus resource [io  0x0000-0x0cf7 window]
[    1.046237] pci_bus 0000:00: root bus resource [io  0x0d00-0xffff window]
[    1.050796] pci_bus 0000:00: root bus resource [mem 0x000a0000-0x000bffff window]
[    1.056073] pci_bus 0000:00: root bus resource [mem 0x40000000-0xffdfffff window]
[    1.060812] pci_bus 0000:00: root bus resource [bus 00-ff]
[    1.066405] pci 0000:00:01.1: legacy IDE quirk: reg 0x10: [io  0x01f0-0x01f7]
[    1.072933] pci 0000:00:01.1: legacy IDE quirk: reg 0x14: [io  0x03f6]
[    1.082901] pci 0000:00:01.1: legacy IDE quirk: reg 0x18: [io  0x0170-0x0177]
[    1.088010] pci 0000:00:01.1: legacy IDE quirk: reg 0x1c: [io  0x0376]
[    1.128672] pci 0000:00:07.0: quirk: [io  0x4000-0x403f] claimed by PIIX4 ACPI
[    1.136621] pci 0000:00:07.0: quirk: [io  0x4100-0x410f] claimed by PIIX4 SMB
[    1.160618] ACPI: PCI Interrupt Link [LNKA] (IRQs 5 9 10 *11)
[    1.172729] ACPI: PCI Interrupt Link [LNKB] (IRQs 5 9 10 *11)
[    1.178938] ACPI: PCI Interrupt Link [LNKC] (IRQs 5 9 *10 11)
[    1.181655] ACPI: PCI Interrupt Link [LNKD] (IRQs 5 *9 10 11)
[    1.184421] ACPI: Enabled 2 GPEs in block 00 to 07
[    1.188158] SCSI subsystem initialized
[    1.190043] vgaarb: setting as boot device: PCI:0000:00:02.0
[    1.193132] vgaarb: device added: PCI:0000:00:02.0,decodes=io+mem,owns=io+mem,locks=none
[    1.195800] vgaarb: loaded
[    1.196979] vgaarb: bridge control possible 0000:00:02.0
[    1.198704] ACPI: bus type USB registered
[    1.201316] usbcore: registered new interface driver usbfs
[    1.218077] usbcore: registered new interface driver hub
[    1.226693] usbcore: registered new device driver usb
[    1.228588] PCI: Using ACPI for IRQ routing
[    1.230482] NetLabel: Initializing
[    1.231783] NetLabel:  domain hash size = 128
[    1.301461] NetLabel:  protocols = UNLABELED CIPSOv4
[    1.427923] NetLabel:  unlabeled traffic allowed by default
[    1.443298] clocksource: Switched to clocksource kvm-clock
[    1.460551] VFS: Disk quotas dquot_6.6.0
[    1.503238] VFS: Dquot-cache hash table entries: 512 (order 0, 4096 bytes)
[    1.505630] AppArmor: AppArmor Filesystem Enabled
[    1.512608] pnp: PnP ACPI init
[    1.518073] pnp: PnP ACPI: found 3 devices
[    1.526239] clocksource: acpi_pm: mask: 0xffffff max_cycles: 0xffffff, max_idle_ns: 2085701024 ns
[    1.596086] NET: Registered protocol family 2
[    1.599052] TCP established hash table entries: 8192 (order: 4, 65536 bytes)
[    1.653937] TCP bind hash table entries: 8192 (order: 5, 131072 bytes)
[    1.662900] TCP: Hash tables configured (established 8192 bind 8192)
[    1.693572] UDP hash table entries: 512 (order: 2, 16384 bytes)
[    1.695373] UDP-Lite hash table entries: 512 (order: 2, 16384 bytes)
[    1.755033] NET: Registered protocol family 1
[    1.786166] pci 0000:00:00.0: Limiting direct PCI/PCI transfers
[    1.788019] pci 0000:00:01.0: Activating ISA DMA hang workarounds
[    1.790351] pci 0000:00:02.0: Video device with shadowed ROM at [mem 0x000c0000-0x000dffff]
[    1.793305] Unpacking initramfs...
[    5.380533] Freeing initrd memory: 11496K (ffff96a1f697c000 - ffff96a1f74b6000)
[    5.392251] platform rtc_cmos: registered platform RTC device (no PNP device found)
[    5.397282] Scanning for low memory corruption every 60 seconds
[    5.405822] futex hash table entries: 256 (order: 2, 16384 bytes)
[    5.419486] audit: initializing netlink subsys (disabled)
[    5.422262] audit: type=2000 audit(1497403170.619:1): initialized
[    5.433665] Initialise system trusted keyrings
[    5.437935] workingset: timestamp_bits=40 max_order=18 bucket_order=0
[    5.451972] zbud: loaded
[    5.456134] squashfs: version 4.0 (2009/01/31) Phillip Lougher
[    5.474693] fuse init (API version 7.25)
[    5.478709] Allocating IMA blacklist keyring.
[    5.484091] Key type asymmetric registered
[    5.487586] Asymmetric key parser 'x509' registered
[    5.492737] Block layer SCSI generic (bsg) driver version 0.4 loaded (major 248)
[    5.497815] io scheduler noop registered
[    5.500426] io scheduler deadline registered (default)
[    5.512920] io scheduler cfq registered
[    5.515528] pci_hotplug: PCI Hot Plug PCI Core version: 0.5
[    5.518773] pciehp: PCI Express Hot Plug Controller Driver version: 0.4
[    5.529336] ACPI: AC Adapter [AC] (on-line)
[    5.536317] input: Power Button as /devices/LNXSYSTM:00/LNXPWRBN:00/input/input0
[    5.547222] ACPI: Power Button [PWRF]
[    5.550930] input: Sleep Button as /devices/LNXSYSTM:00/LNXSLPBN:00/input/input1
[    5.556644] ACPI: Sleep Button [SLPF]
[    5.568534] ACPI: Battery Slot [BAT0] (battery present)
[    5.572708] GHES: HEST is not enabled!
[    5.579420] Serial: 8250/16550 driver, 32 ports, IRQ sharing enabled
[    5.607458] 00:02: ttyS0 at I/O 0x3f8 (irq = 4, base_baud = 115200) is a 16550A
[    5.630724] Linux agpgart interface v0.103
[    5.636477] loop: module loaded
[    5.647381] scsi host0: ata_piix
[    5.649538] scsi host1: ata_piix
[    5.653978] ata1: PATA max UDMA/33 cmd 0x1f0 ctl 0x3f6 bmdma 0xd000 irq 14
[    5.657491] ata2: PATA max UDMA/33 cmd 0x170 ctl 0x376 bmdma 0xd008 irq 15
[    5.662554] libphy: Fixed MDIO Bus: probed
[    5.665668] tun: Universal TUN/TAP device driver, 1.6
[    5.669789] tun: (C) 1999-2004 Max Krasnyansky <maxk@qualcomm.com>
[    5.673468] PPP generic driver version 2.4.2
[    5.675707] ehci_hcd: USB 2.0 'Enhanced' Host Controller (EHCI) Driver
[    5.688567] ehci-pci: EHCI PCI platform driver
[    5.691666] ehci-platform: EHCI generic platform driver
[    5.693896] ohci_hcd: USB 1.1 'Open' Host Controller (OHCI) Driver
[    5.701323] ohci-pci: OHCI PCI platform driver
[    5.712223] ohci-platform: OHCI generic platform driver
[    5.717841] uhci_hcd: USB Universal Host Controller Interface driver
[    5.720434] i8042: PNP: PS/2 Controller [PNP0303:PS2K,PNP0f03:PS2M] at 0x60,0x64 irq 1,12
[    5.728357] serio: i8042 KBD port at 0x60,0x64 irq 1
[    5.730390] serio: i8042 AUX port at 0x60,0x64 irq 12
[    5.732775] mousedev: PS/2 mouse device common for all mice
[    5.737330] input: AT Translated Set 2 keyboard as /devices/platform/i8042/serio0/input/input2
[    5.743354] rtc_cmos rtc_cmos: rtc core: registered rtc_cmos as rtc0
[    5.747777] rtc_cmos rtc_cmos: alarms up to one day, 114 bytes nvram
[    5.751686] i2c /dev entries driver
[    5.754023] device-mapper: uevent: version 1.0.3
[    5.756578] device-mapper: ioctl: 4.35.0-ioctl (2016-06-23) initialised: dm-devel@redhat.com
[    5.762511] ledtrig-cpu: registered to indicate activity on CPUs
[    5.765406] NET: Registered protocol family 10
[    5.767533] NET: Registered protocol family 17
[    5.769432] Key type dns_resolver registered
[    5.771425] microcode: sig=0x306a9, pf=0x2, revision=0x19
[    5.780976] microcode: Microcode Update Driver: v2.01 <tigran@aivazian.fsnet.co.uk>, Peter Oruba
[    5.788462] registered taskstats version 1
[    5.790451] Loading compiled-in X.509 certificates
[    5.796439] Loaded X.509 cert 'Build time autogenerated kernel key: 2d5e619f5d46ecba03b8ede5c4bce7729db7c13a'
[    5.802829] zswap: loaded using pool lzo/zbud
[    5.835739] Key type big_key registered
[    5.843275] Key type trusted registered
[    5.850279] Key type encrypted registered
[    5.854024] AppArmor: AppArmor sha1 policy hashing enabled
[    5.856618] ima: No TPM chip found, activating TPM-bypass!
[    5.861018] evm: HMAC attrs: 0x1
[    5.863627]   Magic number: 5:425:306
[    5.865741] tty tty35: hash matches
[    5.867437] rtc_cmos rtc_cmos: setting system clock to 2017-06-14 01:19:25 UTC (1497403165)
[    5.873691] BIOS EDD facility v0.16 2004-Jun-25, 0 devices found
[    5.878416] EDD information not available.
[    5.883257] Freeing unused kernel memory: 1552K (ffffffff97f6a000 - ffffffff980ee000)
[    5.891696] Write protecting the kernel read-only data: 14336k
[    5.898430] Freeing unused kernel memory: 1376K (ffff96a1c3aa8000 - ffff96a1c3c00000)
[    5.904349] Freeing unused kernel memory: 268K (ffff96a1c3fbd000 - ffff96a1c4000000)
[    5.930092] x86/mm: Checked W+X mappings: passed, no W+X pages found.
Loading, please wait...
starting version 231
[    5.978425] random: udevadm: uninitialized urandom read (16 bytes read)
[    5.984824] random: systemd-udevd: uninitialized urandom read (16 bytes read)
[    5.987838] random: systemd-udevd: uninitialized urandom read (16 bytes read)
[    5.991589] random: udevadm: uninitialized urandom read (16 bytes read)
[    5.996490] random: systemd-udevd: uninitialized urandom read (16 bytes read)
[    6.002013] random: udevadm: uninitialized urandom read (16 bytes read)
[    6.006405] random: systemd-udevd: uninitialized urandom read (16 bytes read)
[    6.010834] random: udevadm: uninitialized urandom read (16 bytes read)
[    6.016063] random: udevadm: uninitialized urandom read (16 bytes read)
[    6.022273] random: udevadm: uninitialized urandom read (16 bytes read)
[    6.087518] e1000: Intel(R) PRO/1000 Network Driver - version 7.3.21-k8-NAPI
[    6.093115] e1000: Copyright (c) 1999-2006 Intel Corporation.
[    6.105296] Fusion MPT base driver 3.04.20
[    6.110104] Copyright (c) 1999-2008 LSI Corporation
[    6.163033] Fusion MPT SPI Host driver 3.04.20
[    6.349722] input: ImExPS/2 Generic Explorer Mouse as /devices/platform/i8042/serio1/input/input4
[    6.423446] tsc: Refined TSC clocksource calibration: 1796.092 MHz
[    6.429167] clocksource: tsc: mask: 0xffffffffffffffff max_cycles: 0x19e3bdc2fc3, max_idle_ns: 440795217411 ns
[    6.711350] e1000 0000:00:03.0 eth0: (PCI:33MHz:32-bit) 02:f8:92:4a:2c:ff
[    6.715591] e1000 0000:00:03.0 eth0: Intel(R) PRO/1000 Network Connection
[    6.720576] e1000 0000:00:03.0 enp0s3: renamed from eth0
[    6.728353] mptbase: ioc0: Initiating bringup
[    6.828088] ioc0: LSI53C1030 A0: Capabilities={Initiator}
[    7.078551] scsi host2: ioc0: LSI53C1030 A0, FwRev=00000000h, Ports=1, MaxQ=256, IRQ=20
[    7.256857] scsi 2:0:0:0: Direct-Access     VBOX     HARDDISK         1.0  PQ: 0 ANSI: 5
[    7.264840] scsi target2:0:0: Beginning Domain Validation
[    7.271955] scsi target2:0:0: Domain Validation skipping write tests
[    7.275624] scsi target2:0:0: Ending Domain Validation
[    7.278496] scsi target2:0:0: asynchronous
[    7.296966] scsi 2:0:1:0: Direct-Access     VBOX     HARDDISK         1.0  PQ: 0 ANSI: 5
[    7.304820] scsi target2:0:1: Beginning Domain Validation
[    7.310074] scsi target2:0:1: Domain Validation skipping write tests
[    7.314954] scsi target2:0:1: Ending Domain Validation
[    7.317195] scsi target2:0:1: asynchronous
[    7.327095] random: fast init done
[    7.334795] sd 2:0:0:0: Attached scsi generic sg0 type 0
[    7.339093] sd 2:0:0:0: [sda] 20971520 512-byte logical blocks: (10.7 GB/10.0 GiB)
[    7.351893] sd 2:0:1:0: [sdb] 20480 512-byte logical blocks: (10.5 MB/10.0 MiB)
[    7.357689] sd 2:0:1:0: Attached scsi generic sg1 type 0
[    7.362113] sd 2:0:1:0: [sdb] Write Protect is off
[    7.368671] sd 2:0:1:0: [sdb] Incomplete mode parameter data
[    7.380394] sd 2:0:1:0: [sdb] Assuming drive cache: write through
[    7.384402] sd 2:0:0:0: [sda] Write Protect is off
[    7.386775] sd 2:0:0:0: [sda] Incomplete mode parameter data
[    7.390719] sd 2:0:0:0: [sda] Assuming drive cache: write through
[    7.438265]  sda: sda1
[    7.442577] sd 2:0:1:0: [sdb] Attached SCSI disk
[    7.446830] sd 2:0:0:0: [sda] Attached SCSI disk
[    9.368218] floppy0: no floppy controllers found
Begin: Loading essential drivers ... [   11.139278] md: linear personality registered for level -1
[   11.149886] md: multipath personality registered for level -4
[   11.162760] md: raid0 personality registered for level 0
[   11.176014] md: raid1 personality registered for level 1
[   11.259409] raid6: sse2x1   gen()  4491 MB/s
[   11.335332] raid6: sse2x1   xor()  3669 MB/s
[   11.471827] raid6: sse2x2   gen()  5947 MB/s
[   11.559379] raid6: sse2x2   xor()  4058 MB/s
[   11.663446] raid6: sse2x4   gen()  6794 MB/s
[   11.759605] raid6: sse2x4   xor()  5193 MB/s
[   11.805481] raid6: using algorithm sse2x4 gen() 6794 MB/s
[   11.807307] raid6: .... xor() 5193 MB/s, rmw enabled
[   11.810870] raid6: using ssse3x2 recovery algorithm
[   11.815504] xor: automatically using best checksumming function: avx
[   11.825136] async_tx: api initialized (async)
[   11.905791] md: raid6 personality registered for level 6
[   11.946517] md: raid5 personality registered for level 5
[   11.954619] md: raid4 personality registered for level 4
[   11.992022] md: raid10 personality registered for level 10
done.
Begin: Running /scripts/init-premount ... done.
Begin: Mounting root file system ... Begin: Running /scripts/local-top ... done.
Begin: Running /scripts/local-premount ... [   12.058657] Btrfs loaded, crc32c=crc32c-intel
Scanning for Btrfs filesystems
done.
Warning: fsck not present, so skipping root file system
[   12.258929] EXT4-fs (sda1): mounted filesystem with ordered data mode. Opts: (null)
done.
Begin: Running /scripts/local-bottom ... done.
Begin: Running /scripts/init-bottom ... /scripts/init-bottom/plymouth: line 18: /bin/plymouth: not found
done.
[   13.668767] ip_tables: (C) 2000-2006 Netfilter Core Team
[   13.871762] systemd[1]: systemd 231 running in system mode. (+PAM +AUDIT +SELINUX +IMA +APPARMOR +SMACK +SYSVINIT +UTMP +LIBCRYPTSETUP +GCRYPT +GNUTLS +ACL +XZ -LZ4 +SECCOMP +BLKID +ELFUTILS +KMOD +IDN)
[   13.952197] systemd[1]: Detected virtualization oracle.
[   13.953868] systemd[1]: Detected architecture x86-64.

Welcome to [1mUbuntu 16.10[0m!

[   14.069367] systemd[1]: Set hostname to <rails-dev-box>.
[   14.236653] random: crng init done
[   15.902587] systemd[1]: Listening on LVM2 poll daemon socket.
[[0;32m  OK  [0m] Listening on LVM2 poll daemon socket.
[   16.021143] systemd[1]: Listening on /dev/initctl Compatibility Named Pipe.
[[0;32m  OK  [0m] Listening on /dev/initctl Compatibility Named Pipe.
[   16.028701] systemd[1]: Listening on Journal Socket (/dev/log).
[[0;32m  OK  [0m] Listening on Journal Socket (/dev/log).
[   16.041975] systemd[1]: Listening on Journal Socket.
[[0;32m  OK  [0m] Listening on Journal Socket.
[   16.060430] systemd[1]: Reached target User and Group Name Lookups.
[[0;32m  OK  [0m] Reached target User and Group Name Lookups.
[   16.067420] systemd[1]: Listening on Device-mapper event daemon FIFOs.
[[0;32m  OK  [0m] Listening on Device-mapper event daemon FIFOs.
[[0;32m  OK  [0m] Reached target Encrypted Volumes.
[[0;32m  OK  [0m] Created slice System Slice.
         Starting Uncomplicated firewall...
         Starting Set the console keyboard layout...
         Starting Load Kernel Modules...
         Starting Nameserver information manager...
         Mounting Huge Pages File System...
         Starting Create list of required st... nodes for[   16.513546] Loading iSCSI transport class v2.0-870.
 the current kernel...
[[0;32m  OK  [0m] Created slice system-serial\x2dgetty.slice.
[   16.647266] iscsi: registered transport (tcp)
[[0;32m  OK  [0m] Listening on Journal Audit Socket.
[[0;32m  OK  [0m] Listening on udev Kernel Socket.
         Mounting POSIX Message Queue File System...
[[0;32m  OK  [0m] Started Forward Password Requests to Wall Directory Watch.
[[0;32m  OK  [0m] Created slice system-postgresql.slice.
[[0;32m  OK  [0m] Listening on udev Control Socket.
         Starting Remount Root and Kernel File Systems...
[[0;32m  OK  [0m] Set up automo[   16.718172] EXT4-fs (sda1): re-mounted. Opts: (null)
unt Arbitrary Executab...ats File System Automount Point.
[[0;32m  OK  [0m] Created slice User and Session Slice.
[[0;32m  OK  [0m] Reached targe[   16.819188] iscsi: registered transport (iser)
t Slices.
[[0;32m  OK  [0m] Listening on LVM2 metadata daemon socket.
         Starting Monitoring of LVM2 mirrors... dmeventd or progress polling...
         Mounting Debug File System...
[[0;32m  OK  [0m] Listening on Syslog Socket.
         Starting Journal Service...
[[0;32m  OK  [0m] Mounted Debug File System.
[[0;32m  OK  [0m] Mounted POSIX Message Queue File System.
[[0;32m  OK  [0m] Mounted Huge Pages File System.
[[0;32m  OK  [0m] Started Uncomplicated firewall.
[[0;32m  OK  [0m] Started Load Kernel Modules.
[[0;32m  OK  [0m] Started Create list of required sta...ce nodes for the current kernel.
[[0;32m  OK  [0m] Started Remount Root and Kernel File Systems.
         Activating swap /swapfile...
         Starting Initial cloud-init job (pre-networking)...
         Starting udev Coldplug all Devices...
         Starting Load/Save Random Seed...
         Starting Create Static Device Nodes in /dev...
         Starting Apply Kernel Variables...
         Mounting FUSE Control File System...
         Mounting Configuration File System...
[[0;32m  OK  [0m] Mounted FUSE Control File System.
[[0;32m  OK  [0m] Mounted Configuration File System.
[[0;32m  OK  [0m] Started Journal Service.
[[0;32m  OK  [0m] Started Nameserver information manager.
[[0;32m  OK  [0m] Started Load/Save Random Seed.
[[0;32m  OK  [0m] Started Apply Kernel Variables.
[[0;32m  OK  [0m] Started udev Coldplug all Devices.
[[0;32m  OK  [0m] Activated swap /swapfile.
[[0;32m  OK  [0m] Reached target Swap.
[[0;32m  OK  [0m] Started LVM2 metadata daemon.
         Starting Flush Journal to Persistent Storage...
[[0;32m  OK  [0m] Started Flush Journal to Persistent Storage.
[[0;32m  OK  [0m] Started Create Static Device Nodes in /dev.
         Starting udev Kernel Device Manager...
[[0;32m  OK  [0m] Started Monitoring of LVM2 mirrors,...ng dmeventd or progress polling.
[[0;32m  OK  [0m] Started Set the console keyboard layout.
[[0;32m  OK  [0m] Started udev Kernel Device Manager.
[[0;32m  OK  [0m] Started Dispatch Password Requests to Console Directory Watch.
[[0;32m  OK  [0m] Reached target Local File Systems (Pre).
[[0;32m  OK  [0m] Reached target Local File Systems.
         Starting AppArmor initialization...
         Starting Tell Plymouth To Write Out Runtime Data...
         Starting ebtables ruleset management...
         Starting Set console font and keymap...
         Starting Create Volatile Files and Directories...
[[0;32m  OK  [0m] Started Tell Plymouth To Write Out Runtime Data.
[[0;32m  OK  [0m] Started Set console font and keymap.
[[0;32m  OK  [0m] Started ebtables ruleset management.
[[0;32m  OK  [0m] Started Create Volatile Files and Directories.
         Starting Update UTMP about System Boot/Shutdown...
[[0;32m  OK  [0m] Reached target System Time Synchronized.
[[0;32m  OK  [0m] Started Update UTMP about System Boot/Shutdown.
[[0;32m  OK  [0m] Found device /dev/ttyS0.
[[0;32m  OK  [0m] Found device 82540EM Gigabit Ethern...r (PRO/1000 MT Desktop Adapter).
[[0;32m  OK  [0m] Started AppArmor initialization.
[[0;32m  OK  [0m] Listening on Load/Save RF Kill Switch Status /dev/rfkill Watch.
[   26.637437] cloud-init[422]: Cloud-init v. 0.7.9 running 'init-local' at Wed, 14 Jun 2017 01:19:46 +0000. Up 25.93 seconds.
[[0;32m  OK  [0m] Started Initial cloud-init job (pre-networking).
[[0;32m  OK  [0m] Reached target Network (Pre).
[[0;32m  OK  [0m] Started ifup for enp0s3.
         Starting Raise network interfaces...
[[0;32m  OK  [0m] Started Raise network interfaces.
[[0;32m  OK  [0m] Reached target Network.
         Starting Initial cloud-init job (metadata service crawler)...
[   29.654646] cloud-init[1061]: Cloud-init v. 0.7.9 running 'init' at Wed, 14 Jun 2017 01:19:49 +0000. Up 28.72 seconds.
[   29.801795] cloud-init[1061]: ci-info: +++++++++++++++++++++++++++++Net device info++++++++++++++++++++++++++++++
[[0;32m  OK  [0m] Started Initial cloud-init job (metadata service crawler).
[[0;32m  OK  [0m] Reached target Cloud-config availability.
[[0;32m  OK  [0m] Reached target System Initialization.
[[0;32m  OK  [0m] Listening on UUID daemon activation socket.
[[0;32m  OK  [0m] Listening on ACPID Listen Socket.
[[0;32m  OK  [0m] Started Daily Cleanup of Temporary Directories.
         Starting Socket activation for snappy daemon.
[   29.912981] cloud-init[1061]: ci-info: +---------+------+-----------+---------------+-------+-------------------+
[   30.178532] cloud-init[1061]: ci-info: |  Device |  Up  |  Address  |      Mask     | Scope |     Hw-Address    |
[[0;32m  OK  [0m] Started ACPI Events Check.
[[0;32m  OK  [0m] Reached target Paths.
[[0;32m  OK  [0m] Listening on D-Bus System Message Bus Socket.
[   30.187708] cloud-init[1061]: ci-info: +---------+------+-----------+---------------+-------+-------------------+
[   30.221266] cloud-init[1061]: ci-info: |   lo:   | True | 127.0.0.1 |   255.0.0.0   |   .   |         .         |
[   30.241416] cloud-init[1061]: ci-info: |   lo:   | True |     .     |       .       |   d   |         .         |
[   30.260362] cloud-init[1061]: ci-info: | enp0s3: | True | 10.0.2.15 | 255.255.255.0 |   .   | 02:f8:92:4a:2c:ff |
[   30.261126] cloud-init[1061]: ci-info: | enp0s3: | True |     .     |       .       |   d   | 02:f8:92:4a:2c:ff |
[   30.261314] cloud-init[1061]: ci-info: +---------+------+-----------+---------------+-------+-------------------+
[   30.261503] cloud-init[1061]: ci-info: +++++++++++++++++++++++++++Route IPv4 info++++++++++++++++++++++++++++
[   30.261731] cloud-init[1061]: ci-info: +-------+-------------+----------+---------------+-----------+-------+
[   30.261909] cloud-init[1061]: ci-info: | Route | Destination | Gateway  |    Genmask    | Interface | Flags |
[   30.262078] cloud-init[1061]: ci-info: +-------+-------------+----------+---------------+-----------+-------+
[   30.262262] cloud-init[1061]: ci-info: |   0   |   0.0.0.0   | 10.0.2.2 |    0.0.0.0    |   enp0s3  |   UG  |
[   30.262426] cloud-init[1061]: ci-info: |   1   |   10.0.2.0  | 0.0.0.0  | 255.255.255.0 |   enp0s3  |   U   |
[   30.263156] cloud-init[1061]: ci-info: +-------+-------------+----------+---------------+-----------+-------+
[[0;32m  OK  [0m] Started Daily apt activities.
         Starting LXD - unix socket.
[[0;32m  OK  [0m] Started Timer to automatically refresh installed snaps.
[[0;32m  OK  [0m] Reached target Timers.
[[0;32m  OK  [0m] Listening on Socket activation for snappy daemon.
[[0;32m  OK  [0m] Listening on LXD - unix socket.
[[0;32m  OK  [0m] Reached target Sockets.
[[0;32m  OK  [0m] Reached target Basic System.
[[0;32m  OK  [0m] Started D-Bus System Message Bus.
         Starting Accounts Service...
         Starting Network Name Resolution...
         Starting LSB: Record successful boot for GRUB...
[[0;32m  OK  [0m] Started Snappy daemon.
         Starting PostgreSQL Cluster 9.5-main...
         Starting System Logging Service...
         Starting LXD - container startup/shutdown...
[[0;32m  OK  [0m] Started FUSE filesystem for LXC.
[[0;32m  OK  [0m] Started ACPI event daemon.
[[0;32m  OK  [0m] Started Regular background program processing daemon.
[[0;32m  OK  [0m] Started Deferred execution scheduler.
         Starting Login Service...
[[0;32m  OK  [0m] Started Unattended Upgrades Shutdown.
         Starting Auto import assertions from block devices...
[[0;32m  OK  [0m] Started Auto import assertions from block devices.
[[0;32m  OK  [0m] Started Network Name Resolution.
[[0;32m  OK  [0m] Reached target Network is Online.
         Starting iSCSI initiator daemon (iscsid)...
         Starting OpenBSD Secure Shell server...
         Starting Apply the settings specified in cloud-config...
[[0;32m  OK  [0m] Started System Logging Service.
[[0;32m  OK  [0m] Started Login Service.
         Starting Authenticate and Authorize Users to Run Privileged Tasks...
[[0;32m  OK  [0m] Started LSB: Record successful boot for GRUB.
[[0;32m  OK  [0m] Started iSCSI initiator daemon (iscsid).
         Starting Login to default iSCSI targets...
[[0;32m  OK  [0m] Started Authenticate and Authorize Users to Run Privileged Tasks.
[[0;32m  OK  [0m] Started Accounts Service.
[[0;32m  OK  [0m] Started Login to default iSCSI targets.
[[0;32m  OK  [0m] Reached target Remote File Systems (Pre).
[[0;32m  OK  [0m] Reached target Remote File Systems.
         Starting LSB: automatic crash report generation...
         Starting Permit User Sessions...
         Starting LSB: daemon to balance interrupts for SMP systems...
         Starting LSB: VirtualBox Linux Additions...
         Starting LSB: Start/stop sysstat's sadc...
[[0;32m  OK  [0m] Started Permit User Sessions.
         Starting Terminate Plymouth Boot Screen...
         Starting Hold until boot process finishes up...
[[0;32m  OK  [0m] Started Terminate Plymouth Boot Screen.
[[0;32m  OK  [0m] Started Hold until boot process finishes up.
         Starting Set console scheme...
[[0;32m  OK  [0m] Started Serial Getty on ttyS0.
[[0;32m  OK  [0m] Started Set console scheme.
[[0;32m  OK  [0m] Created slice system-getty.slice.
[[0;32m  OK  [0m] Started Getty on tty1.
[[0;32m  OK  [0m] Reached target Login Prompts.
[[0;32m  OK  [0m] Started LSB: Start/stop sysstat's sadc.
[[0;32m  OK  [0m] Started LSB: automatic crash report generation.
[[0;32m  OK  [0m] Started LSB: daemon to balance interrupts for SMP systems.
[[0;32m  OK  [0m] Started OpenBSD Secure Shell server.
[   34.120073] cloud-init[1340]: Cloud-init v. 0.7.9 running 'modules:config' at Wed, 14 Jun 2017 01:19:53 +0000. Up 32.74 seconds.
[[0;32m  OK  [0m] Started Apply the settings specified in cloud-config.
[[0;32m  OK  [0m] Started LSB: VirtualBox Linux Additions.

Ubuntu 16.10 rails-dev-box ttyS0

rails-dev-box login: [   43.495736] cloud-init[1593]: Cloud-init v. 0.7.9 running 'modules:final' at Wed, 14 Jun 2017 01:20:03 +0000. Up 43.03 seconds.
[   43.496661] cloud-init[1593]: Cloud-init v. 0.7.9 finished at Wed, 14 Jun 2017 01:20:04 +0000. Datasource DataSourceNoCloud [seed=/dev/sdb][dsmode=net].  Up 43.47 seconds
